APP_LOG: 2024/12/05 18:03:13 logger.go:49: Logger initialized successfully
APP_LOG: 2024/12/05 18:05:09 logger.go:49: Logger initialized successfully
APP_LOG: 2024/12/05 18:05:28 logger.go:49: Logger initialized successfully
{"level":"info","ts":"2024-12-05T18:05:28-05:00","caller":"server/server.go:33","msg":"Port configured from environment variable","port":8080}
{"level":"info","ts":"2024-12-05T18:05:28-05:00","caller":"server/server.go:41","msg":"Stores initialized"}
{"level":"info","ts":"2024-12-05T18:05:28-05:00","caller":"server/server.go:51","msg":"Server started","address":":8080"}
{"level":"info","ts":"2024-12-05T18:05:40-05:00","caller":"controller/receipt_controller.go:14","msg":"Processing receipt request","method":"POST","url":"/receipts/process"}
APP_LOG: 2024/12/05 18:11:04 logger.go:49: Logger initialized successfully
{"level":"info","ts":"2024-12-05T18:11:04-05:00","caller":"server/server.go:33","msg":"Port configured from environment variable","port":8080}
{"level":"info","ts":"2024-12-05T18:11:04-05:00","caller":"server/server.go:41","msg":"Stores initialized"}
{"level":"info","ts":"2024-12-05T18:11:04-05:00","caller":"server/server.go:51","msg":"Server started","address":":8080"}
{"level":"info","ts":"2024-12-05T18:11:06-05:00","caller":"controller/receipt_controller.go:14","msg":"Processing receipt request","method":"POST","url":"/receipts/process"}
{"level":"info","ts":"2024-12-05T18:11:06-05:00","caller":"service/receipt_service.go:48","msg":"Receipt saved successfully","receipt_id":"36b22f4a-c847-491e-af85-8c823835d2b4"}
{"level":"info","ts":"2024-12-05T18:11:06-05:00","caller":"controller/receipt_controller.go:31","msg":"Receipt processed successfully","receipt_id":"36b22f4a-c847-491e-af85-8c823835d2b4"}
APP_LOG: 2024/12/05 18:12:42 logger.go:49: Logger initialized successfully
{"level":"info","ts":"2024-12-05T18:12:42-05:00","caller":"server/server.go:33","msg":"Port configured from environment variable","port":8080}
{"level":"info","ts":"2024-12-05T18:12:42-05:00","caller":"server/server.go:41","msg":"Stores initialized"}
{"level":"info","ts":"2024-12-05T18:12:42-05:00","caller":"server/server.go:51","msg":"Server started","address":":8080"}
{"level":"info","ts":"2024-12-05T18:12:45-05:00","caller":"controller/receipt_controller.go:39","msg":"Fetching points","receipt_id":"36b22f4a-c847-491e-af85-8c823835d2b4"}
{"level":"error","ts":"2024-12-05T18:12:45-05:00","caller":"controller/receipt_controller.go:43","msg":"Failed to retrieve points","receipt_id":"36b22f4a-c847-491e-af85-8c823835d2b4","error":"points for receipt with ID 36b22f4a-c847-491e-af85-8c823835d2b4 not found","stacktrace":"receipt-processor/internal/controller.GetPoints\n\t/Users/barathisridhar/GitHub/receipt-processor/receipt-processor/internal/controller/receipt_controller.go:43\ngithub.com/gin-gonic/gin.(*Context).Next\n\t/Users/barathisridhar/go/pkg/mod/github.com/gin-gonic/gin@v1.10.0/context.go:185\ngithub.com/gin-gonic/gin.CustomRecoveryWithWriter.func1\n\t/Users/barathisridhar/go/pkg/mod/github.com/gin-gonic/gin@v1.10.0/recovery.go:102\ngithub.com/gin-gonic/gin.(*Context).Next\n\t/Users/barathisridhar/go/pkg/mod/github.com/gin-gonic/gin@v1.10.0/context.go:185\ngithub.com/gin-gonic/gin.LoggerWithConfig.func1\n\t/Users/barathisridhar/go/pkg/mod/github.com/gin-gonic/gin@v1.10.0/logger.go:249\ngithub.com/gin-gonic/gin.(*Context).Next\n\t/Users/barathisridhar/go/pkg/mod/github.com/gin-gonic/gin@v1.10.0/context.go:185\ngithub.com/gin-gonic/gin.(*Engine).handleHTTPRequest\n\t/Users/barathisridhar/go/pkg/mod/github.com/gin-gonic/gin@v1.10.0/gin.go:633\ngithub.com/gin-gonic/gin.(*Engine).ServeHTTP\n\t/Users/barathisridhar/go/pkg/mod/github.com/gin-gonic/gin@v1.10.0/gin.go:589\nnet/http.serverHandler.ServeHTTP\n\t/opt/homebrew/Cellar/go/1.22.4/libexec/src/net/http/server.go:3137\nnet/http.(*conn).serve\n\t/opt/homebrew/Cellar/go/1.22.4/libexec/src/net/http/server.go:2039"}
